\BOOKMARK [0][-]{label:frontpage.0}{Front page}{}% 1
\BOOKMARK [0][-]{label:titlepage_en.0}{English title page}{}% 2
\BOOKMARK [0][-]{label:contents.0}{Contents}{}% 3
\BOOKMARK [0][-]{chapter*.2}{Preface}{}% 4
\BOOKMARK [0][-]{chapter.1}{1 Introduction}{}% 5
\BOOKMARK [1][-]{section.1.1}{1.1 Initial Problem Statement}{chapter.1}% 6
\BOOKMARK [2][-]{subsection.1.1.1}{1.1.1 Motivation}{section.1.1}% 7
\BOOKMARK [2][-]{subsection.1.1.2}{1.1.2 Statement}{section.1.1}% 8
\BOOKMARK [2][-]{subsection.1.1.3}{1.1.3 Research Questions}{section.1.1}% 9
\BOOKMARK [0][-]{chapter.2}{2 Problem Analysis}{}% 10
\BOOKMARK [1][-]{section.2.1}{2.1 Target Group}{chapter.2}% 11
\BOOKMARK [1][-]{section.2.2}{2.2 Research}{chapter.2}% 12
\BOOKMARK [2][-]{subsection.2.2.1}{2.2.1 Effects}{section.2.2}% 13
\BOOKMARK [2][-]{subsection.2.2.2}{2.2.2 State of the Art}{section.2.2}% 14
\BOOKMARK [1][-]{section.2.3}{2.3 Theory}{chapter.2}% 15
\BOOKMARK [1][-]{section.2.4}{2.4 Problem Statement}{chapter.2}% 16
\BOOKMARK [0][-]{chapter.3}{3 Design}{}% 17
\BOOKMARK [0][-]{chapter.4}{4 Implementation}{}% 18
\BOOKMARK [0][-]{chapter.5}{5 Evaluation}{}% 19
\BOOKMARK [0][-]{chapter.6}{6 Discussion}{}% 20
\BOOKMARK [0][-]{chapter.7}{7 Conclusion}{}% 21
\BOOKMARK [0][-]{chapter*.11}{Bibliography}{}% 22
\BOOKMARK [0][-]{appendix.A}{A Appendix}{}% 23
